<?xml version="1.0" encoding="UTF-8"?>
<!-- Generated by org.testng.reporters.JUnitReportReporter -->
<testsuite hostname="Meenulaptop" failures="0" tests="5" name="com.sf.automationTests.TestScriptLogin" time="56.476" errors="0" timestamp="2024-02-21T22:10:34 MST" skipped="0">
  <testcase classname="com.sf.automationTests.TestScriptLogin" name="loginSFTC1" time="9.041"/>
  <system-out/>
  <testcase classname="com.sf.automationTests.TestScriptLogin" name="loginSFTC5" time="8.487"/>
  <system-out/>
  <testcase classname="com.sf.automationTests.TestScriptLogin" name="loginSFTC4" time="8.846"/>
  <system-out/>
  <testcase classname="com.sf.automationTests.TestScriptLogin" name="loginSFTC2" time="12.861"/>
  <system-out/>
  <testcase classname="com.sf.automationTests.TestScriptLogin" name="loginSFTC3" time="17.241"/>
  <system-out/>
</testsuite> <!-- com.sf.automationTests.TestScriptLogin -->
